1656174408108	geckodriver	INFO	Listening on 127.0.0.1:13675
1656174411160	mozrunner::runner	INFO	Running command: "C:\\Program Files\\Mozilla Firefox\\firefox.exe" "--marionette" "--remote-debugging-port" "13676" "--remote-allow-hosts" "localhost" "-no-remote" "-profile" "C:\\Users\\User\\AppData\\Local\\Temp\\rust_mozprofile42TJN2"
1656174412680	Marionette	INFO	Marionette enabled
WebDriver BiDi listening on ws://localhost:13676
console.warn: SearchSettings: "get: No settings file exists, new profile?" (new NotFoundError("Could not open the file at C:\\Users\\User\\AppData\\Local\\Temp\\rust_mozprofile42TJN2\\search.json.mozlz4", (void 0)))
1656174415393	Marionette	INFO	Listening on port 13706
DevTools listening on ws://localhost:13676/devtools/browser/31352ec2-4c11-4dc9-9b40-e18430209018
Read port: 13706
1656174415681	RemoteAgent	WARN	TLS certificate errors will be ignored for this session
JavaScript error: http://selenium1py.pythonanywhere.com/en-gb/catalogue/coders-at-work_207/, line 614: ReferenceError: oscar is not defined
1656174417941	Marionette	INFO	Stopped listening on port 13706
1656174447315	geckodriver	INFO	Listening on 127.0.0.1:13750
1656174450395	mozrunner::runner	INFO	Running command: "C:\\Program Files\\Mozilla Firefox\\firefox.exe" "--marionette" "--remote-debugging-port" "13751" "--remote-allow-hosts" "localhost" "-no-remote" "-profile" "C:\\Users\\User\\AppData\\Local\\Temp\\rust_mozprofilekeGp8c"
1656174450815	Marionette	INFO	Marionette enabled
WebDriver BiDi listening on ws://localhost:13751
console.warn: SearchSettings: "get: No settings file exists, new profile?" (new NotFoundError("Could not open the file at C:\\Users\\User\\AppData\\Local\\Temp\\rust_mozprofilekeGp8c\\search.json.mozlz4", (void 0)))
1656174452668	Marionette	INFO	Listening on port 13775
DevTools listening on ws://localhost:13751/devtools/browser/22999c64-6d0b-4b3e-b564-0fc50b1cb10c
Read port: 13775
1656174452723	RemoteAgent	WARN	TLS certificate errors will be ignored for this session
1656174455268	Marionette	INFO	Stopped listening on port 13775
[Parent 12508, IPC I/O Parent] WARNING: file /builds/worker/checkouts/gecko/ipc/chromium/src/base/process_util_win.cc:167
1656174469543	geckodriver	INFO	Listening on 127.0.0.1:2997
1656174472590	mozrunner::runner	INFO	Running command: "C:\\Program Files\\Mozilla Firefox\\firefox.exe" "--marionette" "--remote-debugging-port" "2998" "--remote-allow-hosts" "localhost" "-no-remote" "-profile" "C:\\Users\\User\\AppData\\Local\\Temp\\rust_mozprofilex6GYGF"
1656174473061	Marionette	INFO	Marionette enabled
WebDriver BiDi listening on ws://localhost:2998
console.warn: SearchSettings: "get: No settings file exists, new profile?" (new NotFoundError("Could not open the file at C:\\Users\\User\\AppData\\Local\\Temp\\rust_mozprofilex6GYGF\\search.json.mozlz4", (void 0)))
1656174474907	Marionette	INFO	Listening on port 3027
DevTools listening on ws://localhost:2998/devtools/browser/4ebc464b-db67-4a60-aa93-aa88d70e5444
Read port: 3027
1656174474986	RemoteAgent	WARN	TLS certificate errors will be ignored for this session
JavaScript error: http://selenium1py.pythonanywhere.com/en-gb/catalogue/coders-at-work_207/, line 614: ReferenceError: oscar is not defined
1656174477165	Marionette	INFO	Stopped listening on port 3027
!!! error running onStopped callback: TypeError: callback is not a function
